<?xml version="1.0" encoding="UTF-8"?>
<!-- Generated by org.testng.reporters.JUnitXMLReporter -->
<testsuite ignored="0" hostname="HP" failures="1" tests="1" name="Test" time="17.863" errors="0" timestamp="2022-02-10T11:41:11 IST">
  <testcase classname="TestPack.KiteLoginPageVerification" name="loginPageVerification" time="3.34">
    <failure type="java.lang.AssertionError" message="expected [https://kite.zero.com/] but found [https://kite.zerodha.com/]">
      <![CDATA[java.lang.AssertionError: expected [https://kite.zero.com/] but found [https://kite.zerodha.com/]
at TestPack.KiteLoginPageVerification.loginPageVerification(KiteLoginPageVerification.java:56)
at java.base/java.util.ArrayList.forEach(ArrayList.java:1511)
... Removed 33 stack frames]]>
    </failure>
  </testcase> <!-- loginPageVerification -->
</testsuite> <!-- Test -->
